<?xml version="1.0" encoding="UTF-8"?>
<testng-results ignored="0" total="1" passed="1" failed="0" skipped="0">
  <reporter-output>
    <line>
      <![CDATA[a]]>
    </line>
  </reporter-output>
  <suite started-at="2023-01-18T13:05:10 IST" name="Default suite" finished-at="2023-01-18T13:05:10 IST" duration-ms="88">
    <groups>
    </groups>
    <test started-at="2023-01-18T13:05:10 IST" name="Default test" finished-at="2023-01-18T13:05:10 IST" duration-ms="88">
      <class name="createCustomer.CustomerTest">
        <test-method signature="a()[pri:0, instance:createCustomer.CustomerTest@87a85e1]" started-at="2023-01-18T13:05:10 IST" name="a" finished-at="2023-01-18T13:05:10 IST" duration-ms="15" status="PASS">
          <reporter-output>
            <line>
              <![CDATA[a]]>
            </line>
          </reporter-output>
        </test-method> <!-- a -->
      </class> <!-- createCustomer.CustomerTest -->
    </test> <!-- Default test -->
  </suite> <!-- Default suite -->
</testng-results>
